<?xml version="1.0" encoding="UTF-8"?>
<coverage generated="1752418644732" clover="3.2.0">
  <project timestamp="1752418644732" name="All files">
    <metrics statements="4" coveredstatements="4" conditionals="4" coveredconditionals="4" methods="2" coveredmethods="2" elements="10" coveredelements="10" complexity="0" loc="4" ncloc="4" packages="1" files="1" classes="1"/>
    <file name="SearchResultCard.jsx" path="C:\Users\Alex\Desktop\crypto-comparator\crypto-comparator\src\components\SearchResultCard.jsx">
      <metrics statements="4" coveredstatements="4" conditionals="4" coveredconditionals="4" methods="2" coveredmethods="2"/>
      <line num="7" count="3" type="stmt"/>
      <line num="8" count="1" type="stmt"/>
      <line num="9" count="1" type="stmt"/>
      <line num="12" count="3" type="stmt"/>
    </file>
  </project>
</coverage>
