{"C:\\Users\\Alex\\Desktop\\crypto-comparator\\crypto-comparator\\src\\components\\SearchResultCard.jsx": {"path":"C:\\Users\\Alex\\Desktop\\crypto-comparator\\crypto-comparator\\src\\components\\SearchResultCard.jsx","statementMap":{"0":{"start":{"line":7,"column":30},"end":{"line":10,"column":3}},"1":{"start":{"line":8,"column":4},"end":{"line":8,"column":23}},"2":{"start":{"line":9,"column":4},"end":{"line":9,"column":30}},"3":{"start":{"line":12,"column":2},"end":{"line":31,"column":4}}},"fnMap":{"0":{"name":"SearchResultCard","decl":{"start":{"line":6,"column":24},"end":{"line":6,"column":40}},"loc":{"start":{"line":6,"column":81},"end":{"line":32,"column":1}},"line":6},"1":{"name":"(anonymous_1)","decl":{"start":{"line":7,"column":30},"end":{"line":7,"column":31}},"loc":{"start":{"line":7,"column":37},"end":{"line":10,"column":3}},"line":7}},"branchMap":{"0":{"loc":{"start":{"line":24,"column":50},"end":{"line":24,"column":103}},"type":"cond-expr","locations":[{"start":{"line":24,"column":63},"end":{"line":24,"column":98}},{"start":{"line":24,"column":101},"end":{"line":24,"column":103}}],"line":24},"1":{"loc":{"start":{"line":27,"column":11},"end":{"line":27,"column":33}},"type":"cond-expr","locations":[{"start":{"line":27,"column":24},"end":{"line":27,"column":27}},{"start":{"line":27,"column":30},"end":{"line":27,"column":33}}],"line":27}},"s":{"0":3,"1":1,"2":1,"3":3},"f":{"0":3,"1":1},"b":{"0":[1,2],"1":[1,2]},"_coverageSchema":"1a1c01bbd47fc00a2c39e90264f33305004495a9","hash":"4f5ec2f967f3f44ed63d3da298a2a12bf9c52f9b"}
}
